Using pre-set license
Built from '2020.2/staging' branch; Version is '2020.2.7f1 (c53830e277f1) revision 12924976'; Using compiler version '192528614'; Build Type 'Release'
OS: 'Windows 10 Pro; OS build 19042.1466; Version 2009; 64bit' Language: 'ru' Physical Memory: 16264 MB
BatchMode: 1, IsHumanControllingUs: 0, StartBugReporterOnCrash: 0, Is64bit: 1, IsPro: 0

 COMMAND LINE ARGUMENTS:
C:\Program Files\Unity\Hub\Editor\2020.2.7f1\Editor\Unity.exe
-adb2
-batchMode
-noUpm
-name
AssetImportWorker0
-projectPath
C:/GitHub/AIGame
-logFile
Logs/AssetImportWorker0.log
-srvPort
51023
Successfully changed project path to: C:/GitHub/AIGame
C:/GitHub/AIGame
Using Asset Import Pipeline V2.
Refreshing native plugins compatible for Editor in 49.91 ms, found 1 plugins.
Preloading 0 native plugins for Editor in 0.00 ms.
Initialize engine version: 2020.2.7f1 (c53830e277f1)
[Subsystems] Discovering subsystems at path C:/Program Files/Unity/Hub/Editor/2020.2.7f1/Editor/Data/Resources/UnitySubsystems
[Subsystems] Discovering subsystems at path C:/GitHub/AIGame/Assets
GfxDevice: creating device client; threaded=0
Direct3D:
    Version:  Direct3D 11.0 [level 11.0]
    Renderer: NVIDIA Quadro M600M (ID=0x13b2)
    Vendor:   
    VRAM:     2007 MB
    Driver:   27.21.14.6294
Initialize mono
Mono path[0] = 'C:/Program Files/Unity/Hub/Editor/2020.2.7f1/Editor/Data/Managed'
Mono path[1] = 'C:/Program Files/Unity/Hub/Editor/2020.2.7f1/Editor/Data/MonoBleedingEdge/lib/mono/unityjit'
Mono config path = 'C:/Program Files/Unity/Hub/Editor/2020.2.7f1/Editor/Data/MonoBleedingEdge/etc'
Using monoOptions --debugger-agent=transport=dt_socket,embedding=1,server=y,suspend=n,address=127.0.0.1:56372
Begin MonoManager ReloadAssembly
Registering precompiled unity dll's ...
Register platform support module: C:/Program Files/Unity/Hub/Editor/2020.2.7f1/Editor/Data/PlaybackEngines/WebGLSupport/UnityEditor.WebGL.Extensions.dll
Register platform support module: C:/Program Files/Unity/Hub/Editor/2020.2.7f1/Editor/Data/PlaybackEngines/WindowsStandaloneSupport/UnityEditor.WindowsStandalone.Extensions.dll
Registered in 0.004048 seconds.
Native extension for WindowsStandalone target not found
Native extension for WebGL target not found
Refreshing native plugins compatible for Editor in 64.52 ms, found 1 plugins.
Preloading 0 native plugins for Editor in 0.00 ms.
Invoked RoslynAnalysisRunner static constructor.
RoslynAnalysisRunner will not be running.
RoslynAnalysisRunner has terminated.
Mono: successfully reloaded assembly
- Completed reload, in  4.364 seconds
Platform modules already initialized, skipping
Registering precompiled user dll's ...
Registered in 0.001648 seconds.
Begin MonoManager ReloadAssembly
Native extension for WindowsStandalone target not found
Native extension for WebGL target not found
Refreshing native plugins compatible for Editor in 78.59 ms, found 1 plugins.
Preloading 0 native plugins for Editor in 0.00 ms.
Invoked RoslynAnalysisRunner static constructor.
RoslynAnalysisRunner will not be running.
RoslynAnalysisRunner has terminated.
Mono: successfully reloaded assembly
- Completed reload, in  2.372 seconds
Platform modules already initialized, skipping
========================================================================
Worker process is ready to serve import requests
Launched and connected shader compiler UnityShaderCompiler.exe after 0.11 seconds
Refreshing native plugins compatible for Editor in 0.56 ms, found 1 plugins.
Preloading 0 native plugins for Editor in 0.00 ms.
Unloading 1878 Unused Serialized files (Serialized files now loaded: 0)
System memory in use before: 88.7 MB.
System memory in use after: 88.7 MB.

Unloading 24 unused Assets to reduce memory usage. Loaded Objects now: 2322.
Total: 4.506000 ms (FindLiveObjects: 0.533900 ms CreateObjectMapping: 0.248700 ms MarkObjects: 3.496700 ms  DeleteObjects: 0.224100 ms)

========================================================================
Received Import Request.
  path: Assets/Code/FgihtWindowView.cs
  artifactKey: Guid(3238d95049f344068ffe486a235ee1f5) Importer(815301076,1909f56bfc062723c751e8b465ee728b)
Start importing Assets/Code/FgihtWindowView.cs using Guid(3238d95049f344068ffe486a235ee1f5) Importer(815301076,1909f56bfc062723c751e8b465ee728b)  -> (artifact id: 'bf6f37a68ab9718c2ce5e063ed25c083') in 0.213449 seconds
  Import took 0.222040 seconds .

========================================================================
Received Import Request.
  Time since last request: 33.547590 seconds.
  path: Assets/Code/FightWindowView.cs
  artifactKey: Guid(3238d95049f344068ffe486a235ee1f5) Importer(815301076,1909f56bfc062723c751e8b465ee728b)
Start importing Assets/Code/FightWindowView.cs using Guid(3238d95049f344068ffe486a235ee1f5) Importer(815301076,1909f56bfc062723c751e8b465ee728b)  -> (artifact id: 'b7ab7c3f3612dc7485909c35cd04adaf') in 0.004404 seconds
  Import took 0.009244 seconds .

========================================================================
Received Import Request.
  Time since last request: 0.124465 seconds.
  path: Assets/Code/FightWindowView.cs
  artifactKey: Guid(3238d95049f344068ffe486a235ee1f5) Importer(815301076,1909f56bfc062723c751e8b465ee728b)
Start importing Assets/Code/FightWindowView.cs using Guid(3238d95049f344068ffe486a235ee1f5) Importer(815301076,1909f56bfc062723c751e8b465ee728b)  -> (artifact id: 'b7ab7c3f3612dc7485909c35cd04adaf') in 0.004106 seconds
  Import took 0.009641 seconds .

========================================================================
Received Prepare
Registering precompiled user dll's ...
Registered in 0.003206 seconds.
Begin MonoManager ReloadAssembly
Native extension for WindowsStandalone target not found
Native extension for WebGL target not found
Refreshing native plugins compatible for Editor in 0.40 ms, found 1 plugins.
Preloading 0 native plugins for Editor in 0.00 ms.
Invoked RoslynAnalysisRunner static constructor.
RoslynAnalysisRunner will not be running.
RoslynAnalysisRunner has terminated.
Mono: successfully reloaded assembly
- Completed reload, in  1.198 seconds
Platform modules already initialized, skipping
Refreshing native plugins compatible for Editor in 0.45 ms, found 1 plugins.
Preloading 0 native plugins for Editor in 0.00 ms.
Unloading 1860 Unused Serialized files (Serialized files now loaded: 0)
System memory in use before: 87.7 MB.
System memory in use after: 87.6 MB.

Unloading 12 unused Assets to reduce memory usage. Loaded Objects now: 2326.
Total: 2.678700 ms (FindLiveObjects: 0.323100 ms CreateObjectMapping: 0.113200 ms MarkObjects: 2.076900 ms  DeleteObjects: 0.163900 ms)

========================================================================
Received Import Request.
  Time since last request: 12.348237 seconds.
  path: Assets/Code/FightWindowView.cs
  artifactKey: Guid(3238d95049f344068ffe486a235ee1f5) Importer(815301076,1909f56bfc062723c751e8b465ee728b)
Start importing Assets/Code/FightWindowView.cs using Guid(3238d95049f344068ffe486a235ee1f5) Importer(815301076,1909f56bfc062723c751e8b465ee728b)  -> (artifact id: '4d0f7c3c748dcfa8b19fdfed686a4357') in 0.005547 seconds
  Import took 0.009326 seconds .

========================================================================
Received Prepare
Registering precompiled user dll's ...
Registered in 0.002236 seconds.
Begin MonoManager ReloadAssembly
Native extension for WindowsStandalone target not found
Native extension for WebGL target not found
Refreshing native plugins compatible for Editor in 0.64 ms, found 1 plugins.
Preloading 0 native plugins for Editor in 0.00 ms.
Invoked RoslynAnalysisRunner static constructor.
RoslynAnalysisRunner will not be running.
RoslynAnalysisRunner has terminated.
Mono: successfully reloaded assembly
- Completed reload, in  1.468 seconds
Platform modules already initialized, skipping
Refreshing native plugins compatible for Editor in 1.52 ms, found 1 plugins.
Preloading 0 native plugins for Editor in 0.00 ms.
Unloading 1860 Unused Serialized files (Serialized files now loaded: 0)
System memory in use before: 87.7 MB.
System memory in use after: 87.7 MB.

Unloading 12 unused Assets to reduce memory usage. Loaded Objects now: 2330.
Total: 3.591000 ms (FindLiveObjects: 0.491400 ms CreateObjectMapping: 0.091900 ms MarkObjects: 2.824500 ms  DeleteObjects: 0.181800 ms)

========================================================================
Received Import Request.
  Time since last request: 428.830999 seconds.
  path: Assets/UI
  artifactKey: Guid(d01daf2dd22f0bf4f9146610241cd457) Importer(815301076,1909f56bfc062723c751e8b465ee728b)
Start importing Assets/UI using Guid(d01daf2dd22f0bf4f9146610241cd457) Importer(815301076,1909f56bfc062723c751e8b465ee728b)  -> (artifact id: 'b904ab6f5b02dddb6dc4743ce478c072') in 0.009000 seconds
  Import took 0.015084 seconds .

========================================================================
Received Import Request.
  Time since last request: 5.753345 seconds.
  path: Assets/TextMesh Pro
  artifactKey: Guid(f54d1bd14bd3ca042bd867b519fee8cc) Importer(815301076,1909f56bfc062723c751e8b465ee728b)
Start importing Assets/TextMesh Pro using Guid(f54d1bd14bd3ca042bd867b519fee8cc) Importer(815301076,1909f56bfc062723c751e8b465ee728b)  -> (artifact id: '1cb39b40c93efedb23353903319186c0') in 0.004430 seconds
  Import took 0.011884 seconds .

========================================================================
Received Import Request.
  Time since last request: 0.001316 seconds.
  path: Assets/TextMesh Pro
  artifactKey: Guid(f54d1bd14bd3ca042bd867b519fee8cc) Importer(815301076,1909f56bfc062723c751e8b465ee728b)
Start importing Assets/TextMesh Pro using Guid(f54d1bd14bd3ca042bd867b519fee8cc) Importer(815301076,1909f56bfc062723c751e8b465ee728b)  -> (artifact id: '1cb39b40c93efedb23353903319186c0') in 0.005442 seconds
  Import took 0.017583 seconds .

========================================================================
Received Import Request.
  Time since last request: 3.515727 seconds.
  path: Assets/UI/Resource Vector Graphics
  artifactKey: Guid(9f269775502d96f44a32ec00547e208b) Importer(815301076,1909f56bfc062723c751e8b465ee728b)
Start importing Assets/UI/Resource Vector Graphics using Guid(9f269775502d96f44a32ec00547e208b) Importer(815301076,1909f56bfc062723c751e8b465ee728b)  -> (artifact id: '2122ff009d29664dd9f86620f6012ea7') in 0.003974 seconds
  Import took 0.008818 seconds .

========================================================================
Received Import Request.
  Time since last request: 0.002660 seconds.
  path: Assets/UI/Resource Vector Graphics
  artifactKey: Guid(9f269775502d96f44a32ec00547e208b) Importer(815301076,1909f56bfc062723c751e8b465ee728b)
Start importing Assets/UI/Resource Vector Graphics using Guid(9f269775502d96f44a32ec00547e208b) Importer(815301076,1909f56bfc062723c751e8b465ee728b)  -> (artifact id: '2122ff009d29664dd9f86620f6012ea7') in 0.003560 seconds
  Import took 0.010191 seconds .

========================================================================
Received Import Request.
  Time since last request: 0.099984 seconds.
  path: Assets/UI/Resource Vector Graphics/UI_Graphic_Resource_Coins.png
  artifactKey: Guid(53831ffd2c1064d07b3fcc10982b1e0d) Importer(815301076,1909f56bfc062723c751e8b465ee728b)
Start importing Assets/UI/Resource Vector Graphics/UI_Graphic_Resource_Coins.png using Guid(53831ffd2c1064d07b3fcc10982b1e0d) Importer(815301076,1909f56bfc062723c751e8b465ee728b)  -> (artifact id: '16c763edfb11345f0af00fa2dd7805d4') in 0.296311 seconds
  Import took 0.304717 seconds .

========================================================================
Received Import Request.
  Time since last request: 0.000859 seconds.
  path: Assets/UI/Resource Vector Graphics/UI_Graphic_Resource_Wood.png
  artifactKey: Guid(e0eac6b76fdd842e88a7f8c75ecffaf4) Importer(815301076,1909f56bfc062723c751e8b465ee728b)
Start importing Assets/UI/Resource Vector Graphics/UI_Graphic_Resource_Wood.png using Guid(e0eac6b76fdd842e88a7f8c75ecffaf4) Importer(815301076,1909f56bfc062723c751e8b465ee728b)  -> (artifact id: 'f7a95a6a0d76a781ad2b62fca9adb8ae') in 0.063033 seconds
  Import took 0.076775 seconds .

========================================================================
Received Import Request.
  Time since last request: 0.001687 seconds.
  path: Assets/UI/Resource Vector Graphics/UI_Graphic_Resource_Food.png
  artifactKey: Guid(1618cb37bcd5144fd923b9697be57d63) Importer(815301076,1909f56bfc062723c751e8b465ee728b)
Start importing Assets/UI/Resource Vector Graphics/UI_Graphic_Resource_Food.png using Guid(1618cb37bcd5144fd923b9697be57d63) Importer(815301076,1909f56bfc062723c751e8b465ee728b)  -> (artifact id: '7fa2f112af255b3151bac5bd2a67130e') in 0.049772 seconds
  Import took 0.067662 seconds .

========================================================================
Received Import Request.
  Time since last request: 0.000963 seconds.
  path: Assets/UI/Resource Vector Graphics/UI_Graphic_Resource_Tools.png
  artifactKey: Guid(32fb7e0aee1614fe8ac38467a139e9a6) Importer(815301076,1909f56bfc062723c751e8b465ee728b)
Start importing Assets/UI/Resource Vector Graphics/UI_Graphic_Resource_Tools.png using Guid(32fb7e0aee1614fe8ac38467a139e9a6) Importer(815301076,1909f56bfc062723c751e8b465ee728b)  -> (artifact id: '9bede870817d50b72666a5cd97e29a71') in 0.047032 seconds
  Import took 0.060960 seconds .

========================================================================
Received Import Request.
  Time since last request: 0.000520 seconds.
  path: Assets/UI/Resource Vector Graphics/UI_Graphic_Resource_Iron.png
  artifactKey: Guid(7e082cc2cf2a4433d85e388c6bf94234) Importer(815301076,1909f56bfc062723c751e8b465ee728b)
Start importing Assets/UI/Resource Vector Graphics/UI_Graphic_Resource_Iron.png using Guid(7e082cc2cf2a4433d85e388c6bf94234) Importer(815301076,1909f56bfc062723c751e8b465ee728b)  -> (artifact id: 'e109f6a024705b9be1fea581a5a565ba') in 0.022504 seconds
  Import took 0.031461 seconds .

========================================================================
Received Import Request.
  Time since last request: 0.000493 seconds.
  path: Assets/UI/Resource Vector Graphics/UI_Graphic_Resource_Gems.png
  artifactKey: Guid(f59401c5c79564fd1ae3bfb0876455a7) Importer(815301076,1909f56bfc062723c751e8b465ee728b)
Start importing Assets/UI/Resource Vector Graphics/UI_Graphic_Resource_Gems.png using Guid(f59401c5c79564fd1ae3bfb0876455a7) Importer(815301076,1909f56bfc062723c751e8b465ee728b)  -> (artifact id: '13d0355809a7da451adb679626e9f989') in 0.017573 seconds
  Import took 0.023319 seconds .

========================================================================
Received Import Request.
  Time since last request: 1.226043 seconds.
  path: Assets/UI/Resource Vector Graphics/Source
  artifactKey: Guid(48fe2128abefa4d51930299041ac417d) Importer(815301076,1909f56bfc062723c751e8b465ee728b)
Start importing Assets/UI/Resource Vector Graphics/Source using Guid(48fe2128abefa4d51930299041ac417d) Importer(815301076,1909f56bfc062723c751e8b465ee728b)  -> (artifact id: '0bcb6f3cee0f433d85dd1d08d542fd8d') in 0.003497 seconds
  Import took 0.007509 seconds .

========================================================================
Received Import Request.
  Time since last request: 0.003091 seconds.
  path: Assets/UI/Resource Vector Graphics/Source
  artifactKey: Guid(48fe2128abefa4d51930299041ac417d) Importer(815301076,1909f56bfc062723c751e8b465ee728b)
Start importing Assets/UI/Resource Vector Graphics/Source using Guid(48fe2128abefa4d51930299041ac417d) Importer(815301076,1909f56bfc062723c751e8b465ee728b)  -> (artifact id: '0bcb6f3cee0f433d85dd1d08d542fd8d') in 0.003561 seconds
  Import took 0.010708 seconds .

========================================================================
Received Import Request.
  Time since last request: 27.221370 seconds.
  path: Assets/Prefabs/FightWindow 1.prefab
  artifactKey: Guid(5b9df596fc1ccba4e893823de9e9df63) Importer(815301076,1909f56bfc062723c751e8b465ee728b)
Start importing Assets/Prefabs/FightWindow 1.prefab using Guid(5b9df596fc1ccba4e893823de9e9df63) Importer(815301076,1909f56bfc062723c751e8b465ee728b)  -> (artifact id: '179ca763866db589560b310433e6c5a4') in 0.196436 seconds
  Import took 0.207077 seconds .

========================================================================
Received Import Request.
  Time since last request: 12.719850 seconds.
  path: Assets/Prefabs/RewardWindow.prefab
  artifactKey: Guid(5b9df596fc1ccba4e893823de9e9df63) Importer(815301076,1909f56bfc062723c751e8b465ee728b)
Start importing Assets/Prefabs/RewardWindow.prefab using Guid(5b9df596fc1ccba4e893823de9e9df63) Importer(815301076,1909f56bfc062723c751e8b465ee728b)  -> (artifact id: 'c23aa0fd58e5ffdc9077fddf419b9ec6') in 0.073454 seconds
  Import took 0.080449 seconds .

========================================================================
Received Import Request.
  Time since last request: 0.016568 seconds.
  path: Assets/Prefabs/RewardWindow.prefab
  artifactKey: Guid(5b9df596fc1ccba4e893823de9e9df63) Importer(815301076,1909f56bfc062723c751e8b465ee728b)
Start importing Assets/Prefabs/RewardWindow.prefab using Guid(5b9df596fc1ccba4e893823de9e9df63) Importer(815301076,1909f56bfc062723c751e8b465ee728b)  -> (artifact id: 'c23aa0fd58e5ffdc9077fddf419b9ec6') in 0.046764 seconds
  Import took 0.054553 seconds .

========================================================================
Received Import Request.
  Time since last request: 16.392607 seconds.
  path: Assets/Prefabs/RewardWindow.prefab
  artifactKey: Guid(5b9df596fc1ccba4e893823de9e9df63) Importer(815301076,1909f56bfc062723c751e8b465ee728b)
Start importing Assets/Prefabs/RewardWindow.prefab using Guid(5b9df596fc1ccba4e893823de9e9df63) Importer(815301076,1909f56bfc062723c751e8b465ee728b)  -> (artifact id: '308894b47edbf34f8bfdbed10ddd535c') in 0.007453 seconds
  Import took 0.012962 seconds .

========================================================================
Received Import Request.
  Time since last request: 2.576482 seconds.
  path: Assets/Prefabs/RewardWindow.prefab
  artifactKey: Guid(5b9df596fc1ccba4e893823de9e9df63) Importer(815301076,1909f56bfc062723c751e8b465ee728b)
Start importing Assets/Prefabs/RewardWindow.prefab using Guid(5b9df596fc1ccba4e893823de9e9df63) Importer(815301076,1909f56bfc062723c751e8b465ee728b)  -> (artifact id: '3c3dd5e4fbebdab06121d43f66d976c5') in 0.022420 seconds
  Import took 0.040650 seconds .

========================================================================
Received Import Request.
  Time since last request: 1.414066 seconds.
  path: Assets/Prefabs/RewardWindow.prefab
  artifactKey: Guid(5b9df596fc1ccba4e893823de9e9df63) Importer(815301076,1909f56bfc062723c751e8b465ee728b)
Start importing Assets/Prefabs/RewardWindow.prefab using Guid(5b9df596fc1ccba4e893823de9e9df63) Importer(815301076,1909f56bfc062723c751e8b465ee728b)  -> (artifact id: '9dfab72831530136b8d6ed1707dbb6df') in 0.019909 seconds
  Import took 0.036266 seconds .

========================================================================
Received Import Request.
  Time since last request: 1.017387 seconds.
  path: Assets/Prefabs/RewardWindow.prefab
  artifactKey: Guid(5b9df596fc1ccba4e893823de9e9df63) Importer(815301076,1909f56bfc062723c751e8b465ee728b)
Start importing Assets/Prefabs/RewardWindow.prefab using Guid(5b9df596fc1ccba4e893823de9e9df63) Importer(815301076,1909f56bfc062723c751e8b465ee728b)  -> (artifact id: '39e6a7ff6987f2d0d23b78283a5b4447') in 0.017929 seconds
  Import took 0.035550 seconds .

========================================================================
Received Prepare
Registering precompiled user dll's ...
Registered in 0.001963 seconds.
Begin MonoManager ReloadAssembly
Native extension for WindowsStandalone target not found
Native extension for WebGL target not found
Refreshing native plugins compatible for Editor in 0.50 ms, found 1 plugins.
Preloading 0 native plugins for Editor in 0.00 ms.
Invoked RoslynAnalysisRunner static constructor.
RoslynAnalysisRunner will not be running.
RoslynAnalysisRunner has terminated.
Mono: successfully reloaded assembly
- Completed reload, in  1.194 seconds
Platform modules already initialized, skipping
Refreshing native plugins compatible for Editor in 0.41 ms, found 1 plugins.
Preloading 0 native plugins for Editor in 0.00 ms.
Unloading 1860 Unused Serialized files (Serialized files now loaded: 0)
System memory in use before: 90.8 MB.
System memory in use after: 90.8 MB.

Unloading 13 unused Assets to reduce memory usage. Loaded Objects now: 2340.
Total: 3.535300 ms (FindLiveObjects: 0.381500 ms CreateObjectMapping: 0.093300 ms MarkObjects: 2.810200 ms  DeleteObjects: 0.248000 ms)

========================================================================
Received Prepare
Registering precompiled user dll's ...
Registered in 0.001801 seconds.
Begin MonoManager ReloadAssembly
Native extension for WindowsStandalone target not found
Native extension for WebGL target not found
Refreshing native plugins compatible for Editor in 1.64 ms, found 1 plugins.
Preloading 0 native plugins for Editor in 0.00 ms.
Invoked RoslynAnalysisRunner static constructor.
RoslynAnalysisRunner will not be running.
RoslynAnalysisRunner has terminated.
Mono: successfully reloaded assembly
- Completed reload, in  1.252 seconds
Platform modules already initialized, skipping
Refreshing native plugins compatible for Editor in 0.47 ms, found 1 plugins.
Preloading 0 native plugins for Editor in 0.00 ms.
Unloading 1860 Unused Serialized files (Serialized files now loaded: 0)
System memory in use before: 90.8 MB.
System memory in use after: 90.8 MB.

Unloading 12 unused Assets to reduce memory usage. Loaded Objects now: 2344.
Total: 2.832900 ms (FindLiveObjects: 0.227900 ms CreateObjectMapping: 0.074600 ms MarkObjects: 2.343600 ms  DeleteObjects: 0.186000 ms)

========================================================================
Received Prepare
Registering precompiled user dll's ...
Registered in 0.001463 seconds.
Begin MonoManager ReloadAssembly
Native extension for WindowsStandalone target not found
Native extension for WebGL target not found
Refreshing native plugins compatible for Editor in 0.85 ms, found 1 plugins.
Preloading 0 native plugins for Editor in 0.00 ms.
Invoked RoslynAnalysisRunner static constructor.
RoslynAnalysisRunner will not be running.
RoslynAnalysisRunner has terminated.
Mono: successfully reloaded assembly
- Completed reload, in  1.195 seconds
Platform modules already initialized, skipping
Refreshing native plugins compatible for Editor in 0.47 ms, found 1 plugins.
Preloading 0 native plugins for Editor in 0.00 ms.
Unloading 1860 Unused Serialized files (Serialized files now loaded: 0)
System memory in use before: 90.9 MB.
System memory in use after: 90.9 MB.

Unloading 12 unused Assets to reduce memory usage. Loaded Objects now: 2348.
Total: 3.968300 ms (FindLiveObjects: 0.276500 ms CreateObjectMapping: 0.136200 ms MarkObjects: 3.306000 ms  DeleteObjects: 0.227900 ms)

========================================================================
Received Prepare
Registering precompiled user dll's ...
Registered in 0.003536 seconds.
Begin MonoManager ReloadAssembly
Native extension for WindowsStandalone target not found
Native extension for WebGL target not found
Refreshing native plugins compatible for Editor in 0.38 ms, found 1 plugins.
Preloading 0 native plugins for Editor in 0.00 ms.
Invoked RoslynAnalysisRunner static constructor.
RoslynAnalysisRunner will not be running.
RoslynAnalysisRunner has terminated.
Mono: successfully reloaded assembly
- Completed reload, in  1.114 seconds
Platform modules already initialized, skipping
Refreshing native plugins compatible for Editor in 0.44 ms, found 1 plugins.
Preloading 0 native plugins for Editor in 0.00 ms.
Unloading 1860 Unused Serialized files (Serialized files now loaded: 0)
System memory in use before: 90.9 MB.
System memory in use after: 90.9 MB.

Unloading 12 unused Assets to reduce memory usage. Loaded Objects now: 2352.
Total: 3.022600 ms (FindLiveObjects: 0.271600 ms CreateObjectMapping: 0.059200 ms MarkObjects: 2.497400 ms  DeleteObjects: 0.192800 ms)

========================================================================
Received Import Request.
  Time since last request: 12253.755388 seconds.
  path: Assets/Prefabs/ContainerSlotReward.prefab
  artifactKey: Guid(5ff8ddd0c56c47c468b1bff2a2e0dcae) Importer(815301076,1909f56bfc062723c751e8b465ee728b)
Start importing Assets/Prefabs/ContainerSlotReward.prefab using Guid(5ff8ddd0c56c47c468b1bff2a2e0dcae) Importer(815301076,1909f56bfc062723c751e8b465ee728b)  -> (artifact id: '0af83985b9209b43817d9e701d73c2ac') in 0.148445 seconds
  Import took 0.155803 seconds .

========================================================================
Received Import Request.
  Time since last request: 2636.381621 seconds.
  path: Assets/Prefabs/ContainerCountCUrrency.prefab
  artifactKey: Guid(8c5d7ed02add16e4b85447251e43b4ad) Importer(815301076,1909f56bfc062723c751e8b465ee728b)
Start importing Assets/Prefabs/ContainerCountCUrrency.prefab using Guid(8c5d7ed02add16e4b85447251e43b4ad) Importer(815301076,1909f56bfc062723c751e8b465ee728b)  -> (artifact id: 'ea7ba236d39ab6df920593bd961e03c1') in 0.071486 seconds
  Import took 0.076282 seconds .

========================================================================
Received Import Request.
  Time since last request: 0.031525 seconds.
  path: Assets/Prefabs/ContainerCountCUrrency.prefab
  artifactKey: Guid(8c5d7ed02add16e4b85447251e43b4ad) Importer(815301076,1909f56bfc062723c751e8b465ee728b)
Start importing Assets/Prefabs/ContainerCountCUrrency.prefab using Guid(8c5d7ed02add16e4b85447251e43b4ad) Importer(815301076,1909f56bfc062723c751e8b465ee728b)  -> (artifact id: 'ea7ba236d39ab6df920593bd961e03c1') in 0.062262 seconds
  Import took 0.067768 seconds .

========================================================================
Received Import Request.
  Time since last request: 24.152041 seconds.
  path: Assets/Prefabs/ContainerCountCUrrency.prefab
  artifactKey: Guid(8c5d7ed02add16e4b85447251e43b4ad) Importer(815301076,1909f56bfc062723c751e8b465ee728b)
Start importing Assets/Prefabs/ContainerCountCUrrency.prefab using Guid(8c5d7ed02add16e4b85447251e43b4ad) Importer(815301076,1909f56bfc062723c751e8b465ee728b)  -> (artifact id: '28c967c763a13947343b9cb0a67d0b02') in 0.048074 seconds
  Import took 0.052630 seconds .

========================================================================
Received Import Request.
  Time since last request: 1.283298 seconds.
  path: Assets/Prefabs/ContainerCountCUrrency.prefab
  artifactKey: Guid(8c5d7ed02add16e4b85447251e43b4ad) Importer(815301076,1909f56bfc062723c751e8b465ee728b)
Start importing Assets/Prefabs/ContainerCountCUrrency.prefab using Guid(8c5d7ed02add16e4b85447251e43b4ad) Importer(815301076,1909f56bfc062723c751e8b465ee728b)  -> (artifact id: '1bd34905571e069c61347864e7bab255') in 0.046096 seconds
  Import took 0.050265 seconds .

========================================================================
Received Import Request.
  Time since last request: 161.743155 seconds.
  path: Assets/Prefabs/ContainerCountCUrrency.prefab
  artifactKey: Guid(8c5d7ed02add16e4b85447251e43b4ad) Importer(815301076,1909f56bfc062723c751e8b465ee728b)
Start importing Assets/Prefabs/ContainerCountCUrrency.prefab using Guid(8c5d7ed02add16e4b85447251e43b4ad) Importer(815301076,1909f56bfc062723c751e8b465ee728b)  -> (artifact id: '256a14cbd9960530e45b4bef0b102ec1') in 0.044812 seconds
  Import took 0.049589 seconds .

========================================================================
Received Prepare
Registering precompiled user dll's ...
Registered in 0.001437 seconds.
Begin MonoManager ReloadAssembly
Native extension for WindowsStandalone target not found
Native extension for WebGL target not found
Refreshing native plugins compatible for Editor in 0.39 ms, found 1 plugins.
Preloading 0 native plugins for Editor in 0.00 ms.
Invoked RoslynAnalysisRunner static constructor.
RoslynAnalysisRunner will not be running.
RoslynAnalysisRunner has terminated.
Mono: successfully reloaded assembly
- Completed reload, in  1.235 seconds
Platform modules already initialized, skipping
Refreshing native plugins compatible for Editor in 0.45 ms, found 1 plugins.
Preloading 0 native plugins for Editor in 0.00 ms.
Unloading 1860 Unused Serialized files (Serialized files now loaded: 0)
System memory in use before: 90.9 MB.
System memory in use after: 90.9 MB.

Unloading 12 unused Assets to reduce memory usage. Loaded Objects now: 2356.
Total: 2.924600 ms (FindLiveObjects: 0.289700 ms CreateObjectMapping: 0.105100 ms MarkObjects: 2.347900 ms  DeleteObjects: 0.180600 ms)

========================================================================
Received Import Request.
  Time since last request: 275.158445 seconds.
  path: Assets/Code/Starter.cs
  artifactKey: Guid(fbac0cd72e994964a33862b4832a0460) Importer(815301076,1909f56bfc062723c751e8b465ee728b)
Start importing Assets/Code/Starter.cs using Guid(fbac0cd72e994964a33862b4832a0460) Importer(815301076,1909f56bfc062723c751e8b465ee728b)  -> (artifact id: '5115ee3c8b0ad14fdabb4d754be6ae9c') in 0.006566 seconds
  Import took 0.010558 seconds .

========================================================================
Received Import Request.
  Time since last request: 0.001628 seconds.
  path: Assets/Code/Starter.cs
  artifactKey: Guid(fbac0cd72e994964a33862b4832a0460) Importer(815301076,1909f56bfc062723c751e8b465ee728b)
Start importing Assets/Code/Starter.cs using Guid(fbac0cd72e994964a33862b4832a0460) Importer(815301076,1909f56bfc062723c751e8b465ee728b)  -> (artifact id: '5115ee3c8b0ad14fdabb4d754be6ae9c') in 0.003561 seconds
  Import took 0.007713 seconds .

========================================================================
Received Prepare
Registering precompiled user dll's ...
Registered in 0.001366 seconds.
Begin MonoManager ReloadAssembly
Native extension for WindowsStandalone target not found
Native extension for WebGL target not found
Refreshing native plugins compatible for Editor in 0.62 ms, found 1 plugins.
Preloading 0 native plugins for Editor in 0.00 ms.
Invoked RoslynAnalysisRunner static constructor.
RoslynAnalysisRunner will not be running.
RoslynAnalysisRunner has terminated.
Mono: successfully reloaded assembly
- Completed reload, in  1.511 seconds
Platform modules already initialized, skipping
Refreshing native plugins compatible for Editor in 0.56 ms, found 1 plugins.
Preloading 0 native plugins for Editor in 0.00 ms.
Unloading 1861 Unused Serialized files (Serialized files now loaded: 0)
System memory in use before: 91.1 MB.
System memory in use after: 91.1 MB.

Unloading 12 unused Assets to reduce memory usage. Loaded Objects now: 2361.
Total: 4.603300 ms (FindLiveObjects: 0.451000 ms CreateObjectMapping: 0.190400 ms MarkObjects: 3.749200 ms  DeleteObjects: 0.210400 ms)

========================================================================
Received Prepare
Registering precompiled user dll's ...
Registered in 0.001973 seconds.
Begin MonoManager ReloadAssembly
Native extension for WindowsStandalone target not found
Native extension for WebGL target not found
Refreshing native plugins compatible for Editor in 0.40 ms, found 1 plugins.
Preloading 0 native plugins for Editor in 0.00 ms.
Invoked RoslynAnalysisRunner static constructor.
RoslynAnalysisRunner will not be running.
RoslynAnalysisRunner has terminated.
Mono: successfully reloaded assembly
- Completed reload, in  1.228 seconds
Platform modules already initialized, skipping
Refreshing native plugins compatible for Editor in 0.44 ms, found 1 plugins.
Preloading 0 native plugins for Editor in 0.00 ms.
Unloading 1861 Unused Serialized files (Serialized files now loaded: 0)
System memory in use before: 91.1 MB.
System memory in use after: 91.1 MB.

Unloading 12 unused Assets to reduce memory usage. Loaded Objects now: 2365.
Total: 3.250400 ms (FindLiveObjects: 0.287900 ms CreateObjectMapping: 0.121600 ms MarkObjects: 2.663300 ms  DeleteObjects: 0.176600 ms)

========================================================================
Received Prepare
Registering precompiled user dll's ...
Registered in 0.001686 seconds.
Begin MonoManager ReloadAssembly
Native extension for WindowsStandalone target not found
Native extension for WebGL target not found
Refreshing native plugins compatible for Editor in 0.49 ms, found 1 plugins.
Preloading 0 native plugins for Editor in 0.00 ms.
Invoked RoslynAnalysisRunner static constructor.
RoslynAnalysisRunner will not be running.
RoslynAnalysisRunner has terminated.
Mono: successfully reloaded assembly
- Completed reload, in  1.628 seconds
Platform modules already initialized, skipping
Refreshing native plugins compatible for Editor in 0.41 ms, found 1 plugins.
Preloading 0 native plugins for Editor in 0.00 ms.
Unloading 1862 Unused Serialized files (Serialized files now loaded: 0)
System memory in use before: 91.2 MB.
System memory in use after: 91.2 MB.

Unloading 12 unused Assets to reduce memory usage. Loaded Objects now: 2370.
Total: 2.763300 ms (FindLiveObjects: 0.349200 ms CreateObjectMapping: 0.167200 ms MarkObjects: 2.062100 ms  DeleteObjects: 0.183500 ms)

========================================================================
Received Prepare
Registering precompiled user dll's ...
Registered in 0.001579 seconds.
Begin MonoManager ReloadAssembly
Native extension for WindowsStandalone target not found
Native extension for WebGL target not found
Refreshing native plugins compatible for Editor in 0.84 ms, found 1 plugins.
Preloading 0 native plugins for Editor in 0.00 ms.
Invoked RoslynAnalysisRunner static constructor.
RoslynAnalysisRunner will not be running.
RoslynAnalysisRunner has terminated.
Mono: successfully reloaded assembly
- Completed reload, in  1.195 seconds
Platform modules already initialized, skipping
Refreshing native plugins compatible for Editor in 0.41 ms, found 1 plugins.
Preloading 0 native plugins for Editor in 0.00 ms.
Unloading 1862 Unused Serialized files (Serialized files now loaded: 0)
System memory in use before: 91.2 MB.
System memory in use after: 91.2 MB.

Unloading 12 unused Assets to reduce memory usage. Loaded Objects now: 2374.
Total: 2.639100 ms (FindLiveObjects: 0.260300 ms CreateObjectMapping: 0.107000 ms MarkObjects: 2.107100 ms  DeleteObjects: 0.163500 ms)

========================================================================
Received Prepare
Registering precompiled user dll's ...
Registered in 0.001631 seconds.
Begin MonoManager ReloadAssembly
Native extension for WindowsStandalone target not found
Native extension for WebGL target not found
Refreshing native plugins compatible for Editor in 0.71 ms, found 1 plugins.
Preloading 0 native plugins for Editor in 0.00 ms.
Invoked RoslynAnalysisRunner static constructor.
RoslynAnalysisRunner will not be running.
RoslynAnalysisRunner has terminated.
Mono: successfully reloaded assembly
- Completed reload, in  1.525 seconds
Platform modules already initialized, skipping
Refreshing native plugins compatible for Editor in 0.72 ms, found 1 plugins.
Preloading 0 native plugins for Editor in 0.00 ms.
Unloading 1863 Unused Serialized files (Serialized files now loaded: 0)
System memory in use before: 91.2 MB.
System memory in use after: 91.2 MB.

Unloading 12 unused Assets to reduce memory usage. Loaded Objects now: 2379.
Total: 3.488400 ms (FindLiveObjects: 0.254300 ms CreateObjectMapping: 0.113500 ms MarkObjects: 2.922800 ms  DeleteObjects: 0.196200 ms)

========================================================================
Received Prepare
Registering precompiled user dll's ...
Registered in 0.001790 seconds.
Begin MonoManager ReloadAssembly
Native extension for WindowsStandalone target not found
Native extension for WebGL target not found
Refreshing native plugins compatible for Editor in 0.41 ms, found 1 plugins.
Preloading 0 native plugins for Editor in 0.00 ms.
Invoked RoslynAnalysisRunner static constructor.
RoslynAnalysisRunner will not be running.
RoslynAnalysisRunner has terminated.
Mono: successfully reloaded assembly
- Completed reload, in  1.229 seconds
Platform modules already initialized, skipping
Refreshing native plugins compatible for Editor in 0.44 ms, found 1 plugins.
Preloading 0 native plugins for Editor in 0.00 ms.
Unloading 1863 Unused Serialized files (Serialized files now loaded: 0)
System memory in use before: 91.2 MB.
System memory in use after: 91.2 MB.

Unloading 12 unused Assets to reduce memory usage. Loaded Objects now: 2383.
Total: 5.104600 ms (FindLiveObjects: 0.369700 ms CreateObjectMapping: 0.191300 ms MarkObjects: 4.241900 ms  DeleteObjects: 0.299000 ms)

========================================================================
Received Import Request.
  Time since last request: 998.061434 seconds.
  path: Assets/Prefabs/ContainerCountCUrrency.prefab
  artifactKey: Guid(8c5d7ed02add16e4b85447251e43b4ad) Importer(815301076,1909f56bfc062723c751e8b465ee728b)
Start importing Assets/Prefabs/ContainerCountCUrrency.prefab using Guid(8c5d7ed02add16e4b85447251e43b4ad) Importer(815301076,1909f56bfc062723c751e8b465ee728b)  -> (artifact id: '4f402b0abcd3dd67abcab45914b1e35a') in 0.112094 seconds
  Import took 0.117861 seconds .

========================================================================
Received Import Request.
  Time since last request: 0.004948 seconds.
  path: Assets/Prefabs/ContainerCountCUrrency.prefab
  artifactKey: Guid(8c5d7ed02add16e4b85447251e43b4ad) Importer(815301076,1909f56bfc062723c751e8b465ee728b)
Start importing Assets/Prefabs/ContainerCountCUrrency.prefab using Guid(8c5d7ed02add16e4b85447251e43b4ad) Importer(815301076,1909f56bfc062723c751e8b465ee728b)  -> (artifact id: '4f402b0abcd3dd67abcab45914b1e35a') in 0.048310 seconds
  Import took 0.054186 seconds .

========================================================================
Received Import Request.
  Time since last request: 12.456037 seconds.
  path: Assets/Prefabs/ContainerCountCurrency.prefab
  artifactKey: Guid(8c5d7ed02add16e4b85447251e43b4ad) Importer(815301076,1909f56bfc062723c751e8b465ee728b)
Start importing Assets/Prefabs/ContainerCountCurrency.prefab using Guid(8c5d7ed02add16e4b85447251e43b4ad) Importer(815301076,1909f56bfc062723c751e8b465ee728b)  -> (artifact id: '331f8c7b8e2a6c9fa0c2fd1132edf09c') in 0.043458 seconds
  Import took 0.048227 seconds .

========================================================================
Received Import Request.
  Time since last request: 9.779887 seconds.
  path: Assets/Prefabs/ContainerSlotReward.prefab
  artifactKey: Guid(5ff8ddd0c56c47c468b1bff2a2e0dcae) Importer(815301076,1909f56bfc062723c751e8b465ee728b)
Start importing Assets/Prefabs/ContainerSlotReward.prefab using Guid(5ff8ddd0c56c47c468b1bff2a2e0dcae) Importer(815301076,1909f56bfc062723c751e8b465ee728b)  -> (artifact id: 'ad16535974470293814857a716fa7bf8') in 0.047665 seconds
  Import took 0.052269 seconds .

========================================================================
Received Import Request.
  Time since last request: 5.437352 seconds.
  path: Assets/Prefabs/ContainerSlotReward.prefab
  artifactKey: Guid(5ff8ddd0c56c47c468b1bff2a2e0dcae) Importer(815301076,1909f56bfc062723c751e8b465ee728b)
Start importing Assets/Prefabs/ContainerSlotReward.prefab using Guid(5ff8ddd0c56c47c468b1bff2a2e0dcae) Importer(815301076,1909f56bfc062723c751e8b465ee728b)  -> (artifact id: 'dcc3be224a23e196233df71dec77ed92') in 0.044858 seconds
  Import took 0.049777 seconds .

========================================================================
Received Import Request.
  Time since last request: 13.624210 seconds.
  path: Assets/Prefabs/ContainerSlotReward.prefab
  artifactKey: Guid(5ff8ddd0c56c47c468b1bff2a2e0dcae) Importer(815301076,1909f56bfc062723c751e8b465ee728b)
Start importing Assets/Prefabs/ContainerSlotReward.prefab using Guid(5ff8ddd0c56c47c468b1bff2a2e0dcae) Importer(815301076,1909f56bfc062723c751e8b465ee728b)  -> (artifact id: '11ac28db3cfa6e4572cc5289a02cf0d7') in 0.046191 seconds
  Import took 0.052267 seconds .

========================================================================
Received Import Request.
  Time since last request: 2.221220 seconds.
  path: Assets/Prefabs/ContainerSlotReward.prefab
  artifactKey: Guid(5ff8ddd0c56c47c468b1bff2a2e0dcae) Importer(815301076,1909f56bfc062723c751e8b465ee728b)
Start importing Assets/Prefabs/ContainerSlotReward.prefab using Guid(5ff8ddd0c56c47c468b1bff2a2e0dcae) Importer(815301076,1909f56bfc062723c751e8b465ee728b)  -> (artifact id: 'c00c1cb9bfd2605e31168e60d1825350') in 0.042281 seconds
  Import took 0.047326 seconds .

========================================================================
Received Import Request.
  Time since last request: 5.406952 seconds.
  path: Assets/Prefabs/ContainerSlotReward.prefab
  artifactKey: Guid(5ff8ddd0c56c47c468b1bff2a2e0dcae) Importer(815301076,1909f56bfc062723c751e8b465ee728b)
Start importing Assets/Prefabs/ContainerSlotReward.prefab using Guid(5ff8ddd0c56c47c468b1bff2a2e0dcae) Importer(815301076,1909f56bfc062723c751e8b465ee728b)  -> (artifact id: '94f9356bf42391a5c3ec294cc0e34e16') in 0.048930 seconds
  Import took 0.054467 seconds .

========================================================================
Received Prepare
Registering precompiled user dll's ...
Registered in 0.001939 seconds.
Begin MonoManager ReloadAssembly
Native extension for WindowsStandalone target not found
Native extension for WebGL target not found
Refreshing native plugins compatible for Editor in 0.39 ms, found 1 plugins.
Preloading 0 native plugins for Editor in 0.00 ms.
Invoked RoslynAnalysisRunner static constructor.
RoslynAnalysisRunner will not be running.
RoslynAnalysisRunner has terminated.
Mono: successfully reloaded assembly
- Completed reload, in  1.550 seconds
Platform modules already initialized, skipping
Refreshing native plugins compatible for Editor in 0.59 ms, found 1 plugins.
Preloading 0 native plugins for Editor in 0.00 ms.
Unloading 1864 Unused Serialized files (Serialized files now loaded: 0)
System memory in use before: 91.2 MB.
System memory in use after: 91.2 MB.

Unloading 12 unused Assets to reduce memory usage. Loaded Objects now: 2388.
Total: 5.011900 ms (FindLiveObjects: 0.484900 ms CreateObjectMapping: 0.124800 ms MarkObjects: 4.198300 ms  DeleteObjects: 0.200900 ms)

========================================================================
Received Prepare
Registering precompiled user dll's ...
Registered in 0.001519 seconds.
Begin MonoManager ReloadAssembly
Native extension for WindowsStandalone target not found
Native extension for WebGL target not found
Refreshing native plugins compatible for Editor in 0.39 ms, found 1 plugins.
Preloading 0 native plugins for Editor in 0.00 ms.
Invoked RoslynAnalysisRunner static constructor.
RoslynAnalysisRunner will not be running.
RoslynAnalysisRunner has terminated.
Mono: successfully reloaded assembly
- Completed reload, in  1.139 seconds
Platform modules already initialized, skipping
Refreshing native plugins compatible for Editor in 0.47 ms, found 1 plugins.
Preloading 0 native plugins for Editor in 0.00 ms.
Unloading 1864 Unused Serialized files (Serialized files now loaded: 0)
System memory in use before: 91.2 MB.
System memory in use after: 91.2 MB.

Unloading 12 unused Assets to reduce memory usage. Loaded Objects now: 2392.
Total: 3.043000 ms (FindLiveObjects: 0.445200 ms CreateObjectMapping: 0.094800 ms MarkObjects: 2.330700 ms  DeleteObjects: 0.170900 ms)

========================================================================
Received Prepare
Registering precompiled user dll's ...
Registered in 0.002214 seconds.
Begin MonoManager ReloadAssembly
Native extension for WindowsStandalone target not found
Native extension for WebGL target not found
Refreshing native plugins compatible for Editor in 0.46 ms, found 1 plugins.
Preloading 0 native plugins for Editor in 0.00 ms.
Invoked RoslynAnalysisRunner static constructor.
RoslynAnalysisRunner will not be running.
RoslynAnalysisRunner has terminated.
Mono: successfully reloaded assembly
- Completed reload, in  1.182 seconds
Platform modules already initialized, skipping
Refreshing native plugins compatible for Editor in 0.88 ms, found 1 plugins.
Preloading 0 native plugins for Editor in 0.00 ms.
Unloading 1865 Unused Serialized files (Serialized files now loaded: 0)
System memory in use before: 91.3 MB.
System memory in use after: 91.3 MB.

Unloading 12 unused Assets to reduce memory usage. Loaded Objects now: 2397.
Total: 2.768900 ms (FindLiveObjects: 0.328600 ms CreateObjectMapping: 0.088600 ms MarkObjects: 2.121200 ms  DeleteObjects: 0.228900 ms)

========================================================================
Received Prepare
Registering precompiled user dll's ...
Registered in 0.001513 seconds.
Begin MonoManager ReloadAssembly
Native extension for WindowsStandalone target not found
Native extension for WebGL target not found
Refreshing native plugins compatible for Editor in 0.38 ms, found 1 plugins.
Preloading 0 native plugins for Editor in 0.00 ms.
Invoked RoslynAnalysisRunner static constructor.
RoslynAnalysisRunner will not be running.
RoslynAnalysisRunner has terminated.
Mono: successfully reloaded assembly
- Completed reload, in  1.104 seconds
Platform modules already initialized, skipping
Refreshing native plugins compatible for Editor in 0.43 ms, found 1 plugins.
Preloading 0 native plugins for Editor in 0.00 ms.
Unloading 1865 Unused Serialized files (Serialized files now loaded: 0)
System memory in use before: 91.3 MB.
System memory in use after: 91.3 MB.

Unloading 12 unused Assets to reduce memory usage. Loaded Objects now: 2401.
Total: 2.943500 ms (FindLiveObjects: 0.267800 ms CreateObjectMapping: 0.099200 ms MarkObjects: 2.323600 ms  DeleteObjects: 0.251300 ms)

========================================================================
Received Prepare
Registering precompiled user dll's ...
Registered in 0.001453 seconds.
Begin MonoManager ReloadAssembly
Native extension for WindowsStandalone target not found
Native extension for WebGL target not found
Refreshing native plugins compatible for Editor in 0.88 ms, found 1 plugins.
Preloading 0 native plugins for Editor in 0.00 ms.
Invoked RoslynAnalysisRunner static constructor.
RoslynAnalysisRunner will not be running.
RoslynAnalysisRunner has terminated.
Mono: successfully reloaded assembly
- Completed reload, in  1.255 seconds
Platform modules already initialized, skipping
Refreshing native plugins compatible for Editor in 0.79 ms, found 1 plugins.
Preloading 0 native plugins for Editor in 0.00 ms.
Unloading 1866 Unused Serialized files (Serialized files now loaded: 0)
System memory in use before: 91.3 MB.
System memory in use after: 91.3 MB.

Unloading 12 unused Assets to reduce memory usage. Loaded Objects now: 2406.
Total: 3.328200 ms (FindLiveObjects: 0.416200 ms CreateObjectMapping: 0.063700 ms MarkObjects: 2.610500 ms  DeleteObjects: 0.236000 ms)

========================================================================
Received Prepare
Registering precompiled user dll's ...
Registered in 0.001462 seconds.
Begin MonoManager ReloadAssembly
Native extension for WindowsStandalone target not found
Native extension for WebGL target not found
Refreshing native plugins compatible for Editor in 0.37 ms, found 1 plugins.
Preloading 0 native plugins for Editor in 0.00 ms.
Invoked RoslynAnalysisRunner static constructor.
RoslynAnalysisRunner will not be running.
RoslynAnalysisRunner has terminated.
Mono: successfully reloaded assembly
- Completed reload, in  1.338 seconds
Platform modules already initialized, skipping
Refreshing native plugins compatible for Editor in 0.46 ms, found 1 plugins.
Preloading 0 native plugins for Editor in 0.00 ms.
Unloading 1866 Unused Serialized files (Serialized files now loaded: 0)
System memory in use before: 91.3 MB.
System memory in use after: 91.3 MB.

Unloading 12 unused Assets to reduce memory usage. Loaded Objects now: 2410.
Total: 2.872700 ms (FindLiveObjects: 0.433200 ms CreateObjectMapping: 0.220600 ms MarkObjects: 2.032300 ms  DeleteObjects: 0.185300 ms)

========================================================================
Received Prepare
Registering precompiled user dll's ...
Registered in 0.001719 seconds.
Begin MonoManager ReloadAssembly
Native extension for WindowsStandalone target not found
Native extension for WebGL target not found
Refreshing native plugins compatible for Editor in 0.38 ms, found 1 plugins.
Preloading 0 native plugins for Editor in 0.00 ms.
Invoked RoslynAnalysisRunner static constructor.
RoslynAnalysisRunner will not be running.
RoslynAnalysisRunner has terminated.
Mono: successfully reloaded assembly
- Completed reload, in  1.288 seconds
Platform modules already initialized, skipping
Refreshing native plugins compatible for Editor in 0.58 ms, found 1 plugins.
Preloading 0 native plugins for Editor in 0.00 ms.
Unloading 1866 Unused Serialized files (Serialized files now loaded: 0)
System memory in use before: 91.3 MB.
System memory in use after: 91.3 MB.

Unloading 12 unused Assets to reduce memory usage. Loaded Objects now: 2414.
Total: 4.314700 ms (FindLiveObjects: 0.473100 ms CreateObjectMapping: 0.208600 ms MarkObjects: 3.427000 ms  DeleteObjects: 0.177800 ms)

========================================================================
Received Prepare
Registering precompiled user dll's ...
Registered in 0.002723 seconds.
Begin MonoManager ReloadAssembly
Native extension for WindowsStandalone target not found
Native extension for WebGL target not found
Refreshing native plugins compatible for Editor in 0.44 ms, found 1 plugins.
Preloading 0 native plugins for Editor in 0.00 ms.
Invoked RoslynAnalysisRunner static constructor.
RoslynAnalysisRunner will not be running.
RoslynAnalysisRunner has terminated.
Mono: successfully reloaded assembly
- Completed reload, in  1.197 seconds
Platform modules already initialized, skipping
Refreshing native plugins compatible for Editor in 0.46 ms, found 1 plugins.
Preloading 0 native plugins for Editor in 0.00 ms.
Unloading 1866 Unused Serialized files (Serialized files now loaded: 0)
System memory in use before: 91.4 MB.
System memory in use after: 91.4 MB.

Unloading 12 unused Assets to reduce memory usage. Loaded Objects now: 2418.
Total: 2.955200 ms (FindLiveObjects: 0.462400 ms CreateObjectMapping: 0.249400 ms MarkObjects: 2.043800 ms  DeleteObjects: 0.197600 ms)

========================================================================
Received Prepare
Registering precompiled user dll's ...
Registered in 0.003339 seconds.
Begin MonoManager ReloadAssembly
Native extension for WindowsStandalone target not found
Native extension for WebGL target not found
Refreshing native plugins compatible for Editor in 0.37 ms, found 1 plugins.
Preloading 0 native plugins for Editor in 0.00 ms.
Invoked RoslynAnalysisRunner static constructor.
RoslynAnalysisRunner will not be running.
RoslynAnalysisRunner has terminated.
Mono: successfully reloaded assembly
- Completed reload, in  1.136 seconds
Platform modules already initialized, skipping
Refreshing native plugins compatible for Editor in 0.52 ms, found 1 plugins.
Preloading 0 native plugins for Editor in 0.00 ms.
Unloading 1866 Unused Serialized files (Serialized files now loaded: 0)
System memory in use before: 91.4 MB.
System memory in use after: 91.4 MB.

Unloading 12 unused Assets to reduce memory usage. Loaded Objects now: 2422.
Total: 3.706600 ms (FindLiveObjects: 0.476300 ms CreateObjectMapping: 0.205900 ms MarkObjects: 2.878600 ms  DeleteObjects: 0.144600 ms)

========================================================================
Received Import Request.
  Time since last request: 5455.016351 seconds.
  path: Assets/GridSlotsReward.prefab
  artifactKey: Guid(8785c2c88c2162e45ae260185c618e24) Importer(815301076,1909f56bfc062723c751e8b465ee728b)
Start importing Assets/GridSlotsReward.prefab using Guid(8785c2c88c2162e45ae260185c618e24) Importer(815301076,1909f56bfc062723c751e8b465ee728b)  -> (artifact id: 'a0baf589a1ad526b5dae4c08180c0ddd') in 0.036460 seconds
  Import took 0.042907 seconds .

========================================================================
Received Import Request.
  Time since last request: 0.015458 seconds.
  path: Assets/GridSlotsReward.prefab
  artifactKey: Guid(8785c2c88c2162e45ae260185c618e24) Importer(815301076,1909f56bfc062723c751e8b465ee728b)
Start importing Assets/GridSlotsReward.prefab using Guid(8785c2c88c2162e45ae260185c618e24) Importer(815301076,1909f56bfc062723c751e8b465ee728b)  -> (artifact id: 'a0baf589a1ad526b5dae4c08180c0ddd') in 0.006056 seconds
  Import took 0.010506 seconds .

========================================================================
Received Prepare
Registering precompiled user dll's ...
Registered in 0.002048 seconds.
Begin MonoManager ReloadAssembly
Native extension for WindowsStandalone target not found
Native extension for WebGL target not found
Refreshing native plugins compatible for Editor in 0.43 ms, found 1 plugins.
Preloading 0 native plugins for Editor in 0.00 ms.
Invoked RoslynAnalysisRunner static constructor.
RoslynAnalysisRunner will not be running.
RoslynAnalysisRunner has terminated.
Mono: successfully reloaded assembly
- Completed reload, in  1.238 seconds
Platform modules already initialized, skipping
Refreshing native plugins compatible for Editor in 0.52 ms, found 1 plugins.
Preloading 0 native plugins for Editor in 0.00 ms.
Unloading 1866 Unused Serialized files (Serialized files now loaded: 0)
System memory in use before: 91.4 MB.
System memory in use after: 91.4 MB.

Unloading 12 unused Assets to reduce memory usage. Loaded Objects now: 2426.
Total: 3.553600 ms (FindLiveObjects: 0.501600 ms CreateObjectMapping: 0.212300 ms MarkObjects: 2.637900 ms  DeleteObjects: 0.200100 ms)

========================================================================
Received Prepare
Registering precompiled user dll's ...
Registered in 0.001527 seconds.
Begin MonoManager ReloadAssembly
Native extension for WindowsStandalone target not found
Native extension for WebGL target not found
Refreshing native plugins compatible for Editor in 0.41 ms, found 1 plugins.
Preloading 0 native plugins for Editor in 0.00 ms.
Invoked RoslynAnalysisRunner static constructor.
RoslynAnalysisRunner will not be running.
RoslynAnalysisRunner has terminated.
Mono: successfully reloaded assembly
- Completed reload, in  1.190 seconds
Platform modules already initialized, skipping
Refreshing native plugins compatible for Editor in 0.40 ms, found 1 plugins.
Preloading 0 native plugins for Editor in 0.00 ms.
Unloading 1866 Unused Serialized files (Serialized files now loaded: 0)
System memory in use before: 91.4 MB.
System memory in use after: 91.4 MB.

Unloading 12 unused Assets to reduce memory usage. Loaded Objects now: 2430.
Total: 2.784200 ms (FindLiveObjects: 0.324700 ms CreateObjectMapping: 0.102900 ms MarkObjects: 2.173800 ms  DeleteObjects: 0.181000 ms)

========================================================================
Received Prepare
Registering precompiled user dll's ...
Registered in 0.002070 seconds.
Begin MonoManager ReloadAssembly
Native extension for WindowsStandalone target not found
Native extension for WebGL target not found
Refreshing native plugins compatible for Editor in 0.76 ms, found 1 plugins.
Preloading 0 native plugins for Editor in 0.00 ms.
Invoked RoslynAnalysisRunner static constructor.
RoslynAnalysisRunner will not be running.
RoslynAnalysisRunner has terminated.
Mono: successfully reloaded assembly
- Completed reload, in  1.103 seconds
Platform modules already initialized, skipping
Refreshing native plugins compatible for Editor in 0.46 ms, found 1 plugins.
Preloading 0 native plugins for Editor in 0.00 ms.
Unloading 1866 Unused Serialized files (Serialized files now loaded: 0)
System memory in use before: 91.4 MB.
System memory in use after: 91.4 MB.

Unloading 12 unused Assets to reduce memory usage. Loaded Objects now: 2434.
Total: 2.980800 ms (FindLiveObjects: 0.276400 ms CreateObjectMapping: 0.203700 ms MarkObjects: 2.278700 ms  DeleteObjects: 0.220700 ms)

========================================================================
Received Prepare
Registering precompiled user dll's ...
Registered in 0.001412 seconds.
Begin MonoManager ReloadAssembly
Native extension for WindowsStandalone target not found
Native extension for WebGL target not found
Refreshing native plugins compatible for Editor in 0.39 ms, found 1 plugins.
Preloading 0 native plugins for Editor in 0.00 ms.
Invoked RoslynAnalysisRunner static constructor.
RoslynAnalysisRunner will not be running.
RoslynAnalysisRunner has terminated.
Mono: successfully reloaded assembly
- Completed reload, in  1.151 seconds
Platform modules already initialized, skipping
Refreshing native plugins compatible for Editor in 0.45 ms, found 1 plugins.
Preloading 0 native plugins for Editor in 0.00 ms.
Unloading 1866 Unused Serialized files (Serialized files now loaded: 0)
System memory in use before: 91.4 MB.
System memory in use after: 91.4 MB.

Unloading 12 unused Assets to reduce memory usage. Loaded Objects now: 2438.
Total: 2.556000 ms (FindLiveObjects: 0.321700 ms CreateObjectMapping: 0.158600 ms MarkObjects: 1.867100 ms  DeleteObjects: 0.207200 ms)

========================================================================
Received Prepare
Registering precompiled user dll's ...
Registered in 0.001570 seconds.
Begin MonoManager ReloadAssembly
Native extension for WindowsStandalone target not found
Native extension for WebGL target not found
Refreshing native plugins compatible for Editor in 0.42 ms, found 1 plugins.
Preloading 0 native plugins for Editor in 0.00 ms.
Invoked RoslynAnalysisRunner static constructor.
RoslynAnalysisRunner will not be running.
RoslynAnalysisRunner has terminated.
Mono: successfully reloaded assembly
- Completed reload, in  1.468 seconds
Platform modules already initialized, skipping
Refreshing native plugins compatible for Editor in 0.54 ms, found 1 plugins.
Preloading 0 native plugins for Editor in 0.00 ms.
Unloading 1866 Unused Serialized files (Serialized files now loaded: 0)
System memory in use before: 91.4 MB.
System memory in use after: 91.4 MB.

Unloading 12 unused Assets to reduce memory usage. Loaded Objects now: 2442.
Total: 3.241400 ms (FindLiveObjects: 0.232300 ms CreateObjectMapping: 0.092700 ms MarkObjects: 2.734900 ms  DeleteObjects: 0.179800 ms)

========================================================================
Received Prepare
Registering precompiled user dll's ...
Registered in 0.001368 seconds.
Begin MonoManager ReloadAssembly
Native extension for WindowsStandalone target not found
Native extension for WebGL target not found
Refreshing native plugins compatible for Editor in 0.63 ms, found 1 plugins.
Preloading 0 native plugins for Editor in 0.00 ms.
Invoked RoslynAnalysisRunner static constructor.
RoslynAnalysisRunner will not be running.
RoslynAnalysisRunner has terminated.
Mono: successfully reloaded assembly
- Completed reload, in  1.129 seconds
Platform modules already initialized, skipping
Refreshing native plugins compatible for Editor in 0.41 ms, found 1 plugins.
Preloading 0 native plugins for Editor in 0.00 ms.
Unloading 1866 Unused Serialized files (Serialized files now loaded: 0)
System memory in use before: 91.4 MB.
System memory in use after: 91.4 MB.

Unloading 12 unused Assets to reduce memory usage. Loaded Objects now: 2446.
Total: 3.562000 ms (FindLiveObjects: 0.505000 ms CreateObjectMapping: 0.150600 ms MarkObjects: 2.698900 ms  DeleteObjects: 0.205400 ms)

========================================================================
Received Prepare
Registering precompiled user dll's ...
Registered in 0.001447 seconds.
Begin MonoManager ReloadAssembly
Native extension for WindowsStandalone target not found
Native extension for WebGL target not found
Refreshing native plugins compatible for Editor in 0.48 ms, found 1 plugins.
Preloading 0 native plugins for Editor in 0.00 ms.
Invoked RoslynAnalysisRunner static constructor.
RoslynAnalysisRunner will not be running.
RoslynAnalysisRunner has terminated.
Mono: successfully reloaded assembly
- Completed reload, in  1.109 seconds
Platform modules already initialized, skipping
Refreshing native plugins compatible for Editor in 0.58 ms, found 1 plugins.
Preloading 0 native plugins for Editor in 0.00 ms.
Unloading 1866 Unused Serialized files (Serialized files now loaded: 0)
System memory in use before: 91.4 MB.
System memory in use after: 91.4 MB.

Unloading 12 unused Assets to reduce memory usage. Loaded Objects now: 2450.
Total: 3.776600 ms (FindLiveObjects: 0.593500 ms CreateObjectMapping: 0.195900 ms MarkObjects: 2.795100 ms  DeleteObjects: 0.190100 ms)

========================================================================
Received Prepare
Registering precompiled user dll's ...
Registered in 0.001525 seconds.
Begin MonoManager ReloadAssembly
Native extension for WindowsStandalone target not found
Native extension for WebGL target not found
Refreshing native plugins compatible for Editor in 0.45 ms, found 1 plugins.
Preloading 0 native plugins for Editor in 0.00 ms.
Invoked RoslynAnalysisRunner static constructor.
RoslynAnalysisRunner will not be running.
RoslynAnalysisRunner has terminated.
Mono: successfully reloaded assembly
- Completed reload, in  1.103 seconds
Platform modules already initialized, skipping
Refreshing native plugins compatible for Editor in 0.46 ms, found 1 plugins.
Preloading 0 native plugins for Editor in 0.00 ms.
Unloading 1866 Unused Serialized files (Serialized files now loaded: 0)
System memory in use before: 91.4 MB.
System memory in use after: 91.4 MB.

Unloading 12 unused Assets to reduce memory usage. Loaded Objects now: 2454.
Total: 3.801300 ms (FindLiveObjects: 1.050000 ms CreateObjectMapping: 0.113400 ms MarkObjects: 2.416800 ms  DeleteObjects: 0.219700 ms)

========================================================================
Received Prepare
Registering precompiled user dll's ...
Registered in 0.001402 seconds.
Begin MonoManager ReloadAssembly
Native extension for WindowsStandalone target not found
Native extension for WebGL target not found
Refreshing native plugins compatible for Editor in 0.38 ms, found 1 plugins.
Preloading 0 native plugins for Editor in 0.00 ms.
Invoked RoslynAnalysisRunner static constructor.
RoslynAnalysisRunner will not be running.
RoslynAnalysisRunner has terminated.
Mono: successfully reloaded assembly
- Completed reload, in  1.109 seconds
Platform modules already initialized, skipping
Refreshing native plugins compatible for Editor in 0.44 ms, found 1 plugins.
Preloading 0 native plugins for Editor in 0.00 ms.
Unloading 1866 Unused Serialized files (Serialized files now loaded: 0)
System memory in use before: 91.4 MB.
System memory in use after: 91.4 MB.

Unloading 12 unused Assets to reduce memory usage. Loaded Objects now: 2458.
Total: 3.152200 ms (FindLiveObjects: 0.549000 ms CreateObjectMapping: 0.300300 ms MarkObjects: 2.097000 ms  DeleteObjects: 0.203700 ms)

========================================================================
Received Prepare
Registering precompiled user dll's ...
Registered in 0.001921 seconds.
Begin MonoManager ReloadAssembly
Native extension for WindowsStandalone target not found
Native extension for WebGL target not found
Refreshing native plugins compatible for Editor in 0.59 ms, found 1 plugins.
Preloading 0 native plugins for Editor in 0.00 ms.
Invoked RoslynAnalysisRunner static constructor.
RoslynAnalysisRunner will not be running.
RoslynAnalysisRunner has terminated.
Mono: successfully reloaded assembly
- Completed reload, in  1.415 seconds
Platform modules already initialized, skipping
Refreshing native plugins compatible for Editor in 0.48 ms, found 1 plugins.
Preloading 0 native plugins for Editor in 0.00 ms.
Unloading 1866 Unused Serialized files (Serialized files now loaded: 0)
System memory in use before: 91.5 MB.
System memory in use after: 91.4 MB.

Unloading 12 unused Assets to reduce memory usage. Loaded Objects now: 2462.
Total: 3.942700 ms (FindLiveObjects: 0.399300 ms CreateObjectMapping: 0.177800 ms MarkObjects: 3.173900 ms  DeleteObjects: 0.189600 ms)

========================================================================
Received Prepare
Registering precompiled user dll's ...
Registered in 0.002038 seconds.
Begin MonoManager ReloadAssembly
Native extension for WindowsStandalone target not found
Native extension for WebGL target not found
Refreshing native plugins compatible for Editor in 0.51 ms, found 1 plugins.
Preloading 0 native plugins for Editor in 0.00 ms.
Invoked RoslynAnalysisRunner static constructor.
RoslynAnalysisRunner will not be running.
RoslynAnalysisRunner has terminated.
Mono: successfully reloaded assembly
- Completed reload, in  1.281 seconds
Platform modules already initialized, skipping
Refreshing native plugins compatible for Editor in 0.43 ms, found 1 plugins.
Preloading 0 native plugins for Editor in 0.00 ms.
Unloading 1866 Unused Serialized files (Serialized files now loaded: 0)
System memory in use before: 91.5 MB.
System memory in use after: 91.5 MB.

Unloading 12 unused Assets to reduce memory usage. Loaded Objects now: 2466.
Total: 3.385200 ms (FindLiveObjects: 0.350400 ms CreateObjectMapping: 0.166600 ms MarkObjects: 2.565500 ms  DeleteObjects: 0.301100 ms)

========================================================================
Received Prepare
Registering precompiled user dll's ...
Registered in 0.001419 seconds.
Begin MonoManager ReloadAssembly
Native extension for WindowsStandalone target not found
Native extension for WebGL target not found
Refreshing native plugins compatible for Editor in 0.74 ms, found 1 plugins.
Preloading 0 native plugins for Editor in 0.00 ms.
Invoked RoslynAnalysisRunner static constructor.
RoslynAnalysisRunner will not be running.
RoslynAnalysisRunner has terminated.
Mono: successfully reloaded assembly
- Completed reload, in  1.510 seconds
Platform modules already initialized, skipping
Refreshing native plugins compatible for Editor in 0.75 ms, found 1 plugins.
Preloading 0 native plugins for Editor in 0.00 ms.
Unloading 1866 Unused Serialized files (Serialized files now loaded: 0)
System memory in use before: 91.5 MB.
System memory in use after: 91.5 MB.

Unloading 12 unused Assets to reduce memory usage. Loaded Objects now: 2470.
Total: 4.125100 ms (FindLiveObjects: 0.387200 ms CreateObjectMapping: 0.250500 ms MarkObjects: 3.241600 ms  DeleteObjects: 0.244000 ms)

========================================================================
Received Prepare
Registering precompiled user dll's ...
Registered in 0.001384 seconds.
Begin MonoManager ReloadAssembly
Native extension for WindowsStandalone target not found
Native extension for WebGL target not found
Refreshing native plugins compatible for Editor in 0.40 ms, found 1 plugins.
Preloading 0 native plugins for Editor in 0.00 ms.
Invoked RoslynAnalysisRunner static constructor.
RoslynAnalysisRunner will not be running.
RoslynAnalysisRunner has terminated.
Mono: successfully reloaded assembly
- Completed reload, in  1.547 seconds
Platform modules already initialized, skipping
Refreshing native plugins compatible for Editor in 1.09 ms, found 1 plugins.
Preloading 0 native plugins for Editor in 0.00 ms.
Unloading 1866 Unused Serialized files (Serialized files now loaded: 0)
System memory in use before: 91.5 MB.
System memory in use after: 91.5 MB.

Unloading 12 unused Assets to reduce memory usage. Loaded Objects now: 2474.
Total: 2.980400 ms (FindLiveObjects: 0.273500 ms CreateObjectMapping: 0.105700 ms MarkObjects: 2.353800 ms  DeleteObjects: 0.245700 ms)

========================================================================
Received Prepare
Registering precompiled user dll's ...
Registered in 0.001421 seconds.
Begin MonoManager ReloadAssembly
Native extension for WindowsStandalone target not found
Native extension for WebGL target not found
Refreshing native plugins compatible for Editor in 0.38 ms, found 1 plugins.
Preloading 0 native plugins for Editor in 0.00 ms.
Invoked RoslynAnalysisRunner static constructor.
RoslynAnalysisRunner will not be running.
RoslynAnalysisRunner has terminated.
Mono: successfully reloaded assembly
- Completed reload, in  1.131 seconds
Platform modules already initialized, skipping
Refreshing native plugins compatible for Editor in 0.43 ms, found 1 plugins.
Preloading 0 native plugins for Editor in 0.00 ms.
Unloading 1866 Unused Serialized files (Serialized files now loaded: 0)
System memory in use before: 91.5 MB.
System memory in use after: 91.5 MB.

Unloading 12 unused Assets to reduce memory usage. Loaded Objects now: 2478.
Total: 4.164000 ms (FindLiveObjects: 0.971100 ms CreateObjectMapping: 0.145100 ms MarkObjects: 2.787400 ms  DeleteObjects: 0.258700 ms)

========================================================================
Received Prepare
Registering precompiled user dll's ...
Registered in 0.001915 seconds.
Begin MonoManager ReloadAssembly
Native extension for WindowsStandalone target not found
Native extension for WebGL target not found
Refreshing native plugins compatible for Editor in 0.39 ms, found 1 plugins.
Preloading 0 native plugins for Editor in 0.00 ms.
Invoked RoslynAnalysisRunner static constructor.
RoslynAnalysisRunner will not be running.
RoslynAnalysisRunner has terminated.
Mono: successfully reloaded assembly
- Completed reload, in  1.093 seconds
Platform modules already initialized, skipping
Refreshing native plugins compatible for Editor in 0.45 ms, found 1 plugins.
Preloading 0 native plugins for Editor in 0.00 ms.
Unloading 1866 Unused Serialized files (Serialized files now loaded: 0)
System memory in use before: 91.5 MB.
System memory in use after: 91.5 MB.

Unloading 12 unused Assets to reduce memory usage. Loaded Objects now: 2482.
Total: 3.112500 ms (FindLiveObjects: 0.341800 ms CreateObjectMapping: 0.154000 ms MarkObjects: 2.433400 ms  DeleteObjects: 0.181600 ms)

========================================================================
Received Prepare
Registering precompiled user dll's ...
Registered in 0.002009 seconds.
Begin MonoManager ReloadAssembly
Native extension for WindowsStandalone target not found
Native extension for WebGL target not found
Refreshing native plugins compatible for Editor in 0.39 ms, found 1 plugins.
Preloading 0 native plugins for Editor in 0.00 ms.
Invoked RoslynAnalysisRunner static constructor.
RoslynAnalysisRunner will not be running.
RoslynAnalysisRunner has terminated.
Mono: successfully reloaded assembly
- Completed reload, in  1.118 seconds
Platform modules already initialized, skipping
Refreshing native plugins compatible for Editor in 0.44 ms, found 1 plugins.
Preloading 0 native plugins for Editor in 0.00 ms.
Unloading 1866 Unused Serialized files (Serialized files now loaded: 0)
System memory in use before: 91.5 MB.
System memory in use after: 91.5 MB.

Unloading 12 unused Assets to reduce memory usage. Loaded Objects now: 2486.
Total: 3.912200 ms (FindLiveObjects: 0.292700 ms CreateObjectMapping: 0.063800 ms MarkObjects: 3.124300 ms  DeleteObjects: 0.430000 ms)

========================================================================
Received Prepare
Registering precompiled user dll's ...
Registered in 0.001671 seconds.
Begin MonoManager ReloadAssembly
Native extension for WindowsStandalone target not found
Native extension for WebGL target not found
Refreshing native plugins compatible for Editor in 0.42 ms, found 1 plugins.
Preloading 0 native plugins for Editor in 0.00 ms.
Invoked RoslynAnalysisRunner static constructor.
RoslynAnalysisRunner will not be running.
RoslynAnalysisRunner has terminated.
Mono: successfully reloaded assembly
- Completed reload, in  1.248 seconds
Platform modules already initialized, skipping
Refreshing native plugins compatible for Editor in 0.78 ms, found 1 plugins.
Preloading 0 native plugins for Editor in 0.00 ms.
Unloading 1866 Unused Serialized files (Serialized files now loaded: 0)
System memory in use before: 91.5 MB.
System memory in use after: 91.5 MB.

Unloading 12 unused Assets to reduce memory usage. Loaded Objects now: 2490.
Total: 5.298800 ms (FindLiveObjects: 0.403000 ms CreateObjectMapping: 0.149700 ms MarkObjects: 4.542400 ms  DeleteObjects: 0.202000 ms)

========================================================================
Received Prepare
Registering precompiled user dll's ...
Registered in 0.002045 seconds.
Begin MonoManager ReloadAssembly
Native extension for WindowsStandalone target not found
Native extension for WebGL target not found
Refreshing native plugins compatible for Editor in 0.42 ms, found 1 plugins.
Preloading 0 native plugins for Editor in 0.00 ms.
Invoked RoslynAnalysisRunner static constructor.
RoslynAnalysisRunner will not be running.
RoslynAnalysisRunner has terminated.
Mono: successfully reloaded assembly
- Completed reload, in  1.153 seconds
Platform modules already initialized, skipping
Refreshing native plugins compatible for Editor in 0.45 ms, found 1 plugins.
Preloading 0 native plugins for Editor in 0.00 ms.
Unloading 1866 Unused Serialized files (Serialized files now loaded: 0)
System memory in use before: 91.5 MB.
System memory in use after: 91.5 MB.

Unloading 12 unused Assets to reduce memory usage. Loaded Objects now: 2494.
Total: 3.032900 ms (FindLiveObjects: 0.535000 ms CreateObjectMapping: 0.202500 ms MarkObjects: 2.098100 ms  DeleteObjects: 0.196300 ms)

========================================================================
Received Prepare
Registering precompiled user dll's ...
Registered in 0.002048 seconds.
Begin MonoManager ReloadAssembly
Native extension for WindowsStandalone target not found
Native extension for WebGL target not found
Refreshing native plugins compatible for Editor in 0.38 ms, found 1 plugins.
Preloading 0 native plugins for Editor in 0.00 ms.
Invoked RoslynAnalysisRunner static constructor.
RoslynAnalysisRunner will not be running.
RoslynAnalysisRunner has terminated.
Mono: successfully reloaded assembly
- Completed reload, in  1.069 seconds
Platform modules already initialized, skipping
Refreshing native plugins compatible for Editor in 0.49 ms, found 1 plugins.
Preloading 0 native plugins for Editor in 0.00 ms.
Unloading 1866 Unused Serialized files (Serialized files now loaded: 0)
System memory in use before: 91.5 MB.
System memory in use after: 91.5 MB.

Unloading 12 unused Assets to reduce memory usage. Loaded Objects now: 2498.
Total: 2.693700 ms (FindLiveObjects: 0.299900 ms CreateObjectMapping: 0.080500 ms MarkObjects: 2.079400 ms  DeleteObjects: 0.232900 ms)

========================================================================
Received Prepare
Registering precompiled user dll's ...
Registered in 0.001961 seconds.
Begin MonoManager ReloadAssembly
Native extension for WindowsStandalone target not found
Native extension for WebGL target not found
Refreshing native plugins compatible for Editor in 0.43 ms, found 1 plugins.
Preloading 0 native plugins for Editor in 0.00 ms.
Invoked RoslynAnalysisRunner static constructor.
RoslynAnalysisRunner will not be running.
RoslynAnalysisRunner has terminated.
Mono: successfully reloaded assembly
- Completed reload, in  1.283 seconds
Platform modules already initialized, skipping
Refreshing native plugins compatible for Editor in 0.48 ms, found 1 plugins.
Preloading 0 native plugins for Editor in 0.00 ms.
Unloading 1866 Unused Serialized files (Serialized files now loaded: 0)
System memory in use before: 91.5 MB.
System memory in use after: 91.5 MB.

Unloading 12 unused Assets to reduce memory usage. Loaded Objects now: 2502.
Total: 3.111300 ms (FindLiveObjects: 0.458200 ms CreateObjectMapping: 0.158200 ms MarkObjects: 2.279700 ms  DeleteObjects: 0.213600 ms)

========================================================================
Received Prepare
Registering precompiled user dll's ...
Registered in 0.001595 seconds.
Begin MonoManager ReloadAssembly
Native extension for WindowsStandalone target not found
Native extension for WebGL target not found
Refreshing native plugins compatible for Editor in 0.41 ms, found 1 plugins.
Preloading 0 native plugins for Editor in 0.00 ms.
Invoked RoslynAnalysisRunner static constructor.
RoslynAnalysisRunner will not be running.
RoslynAnalysisRunner has terminated.
Mono: successfully reloaded assembly
- Completed reload, in  1.141 seconds
Platform modules already initialized, skipping
Refreshing native plugins compatible for Editor in 0.40 ms, found 1 plugins.
Preloading 0 native plugins for Editor in 0.00 ms.
Unloading 1866 Unused Serialized files (Serialized files now loaded: 0)
System memory in use before: 91.5 MB.
System memory in use after: 91.5 MB.

Unloading 12 unused Assets to reduce memory usage. Loaded Objects now: 2506.
Total: 2.827200 ms (FindLiveObjects: 0.241400 ms CreateObjectMapping: 0.073700 ms MarkObjects: 2.197100 ms  DeleteObjects: 0.313800 ms)

========================================================================
Received Prepare
Registering precompiled user dll's ...
Registered in 0.001401 seconds.
Begin MonoManager ReloadAssembly
Native extension for WindowsStandalone target not found
Native extension for WebGL target not found
Refreshing native plugins compatible for Editor in 0.40 ms, found 1 plugins.
Preloading 0 native plugins for Editor in 0.00 ms.
Invoked RoslynAnalysisRunner static constructor.
RoslynAnalysisRunner will not be running.
RoslynAnalysisRunner has terminated.
Mono: successfully reloaded assembly
- Completed reload, in  1.213 seconds
Platform modules already initialized, skipping
Refreshing native plugins compatible for Editor in 0.64 ms, found 1 plugins.
Preloading 0 native plugins for Editor in 0.00 ms.
Unloading 1867 Unused Serialized files (Serialized files now loaded: 0)
System memory in use before: 91.6 MB.
System memory in use after: 91.6 MB.

Unloading 12 unused Assets to reduce memory usage. Loaded Objects now: 2511.
Total: 3.350300 ms (FindLiveObjects: 0.347600 ms CreateObjectMapping: 0.151500 ms MarkObjects: 2.447000 ms  DeleteObjects: 0.402000 ms)

========================================================================
Received Prepare
Registering precompiled user dll's ...
Registered in 0.001791 seconds.
Begin MonoManager ReloadAssembly
Native extension for WindowsStandalone target not found
Native extension for WebGL target not found
Refreshing native plugins compatible for Editor in 0.46 ms, found 1 plugins.
Preloading 0 native plugins for Editor in 0.00 ms.
Invoked RoslynAnalysisRunner static constructor.
RoslynAnalysisRunner will not be running.
RoslynAnalysisRunner has terminated.
Mono: successfully reloaded assembly
- Completed reload, in  1.132 seconds
Platform modules already initialized, skipping
Refreshing native plugins compatible for Editor in 0.42 ms, found 1 plugins.
Preloading 0 native plugins for Editor in 0.00 ms.
Unloading 1867 Unused Serialized files (Serialized files now loaded: 0)
System memory in use before: 91.6 MB.
System memory in use after: 91.6 MB.

Unloading 12 unused Assets to reduce memory usage. Loaded Objects now: 2515.
Total: 3.170900 ms (FindLiveObjects: 0.275100 ms CreateObjectMapping: 0.148600 ms MarkObjects: 2.580700 ms  DeleteObjects: 0.165100 ms)

